<?xml version="1.0" encoding="UTF-8"?>
<!-- Generated by org.testng.reporters.JUnitReportReporter -->
<testsuite hostname="DESKTOP-TCM4R6P" failures="0" tests="2" name="Demo1.Test1" time="0.023" errors="0" timestamp="2023-08-31T20:14:10 IST" skipped="0">
  <testcase classname="Demo1.Test1" name="method2" time="0.008"/>
  <testcase classname="Demo1.Test1" name="method1" time="0.015"/>
</testsuite> <!-- Demo1.Test1 -->
